Determining if the pthread_create exist failed with the following output:
Change Dir: /home/tokunoshoshi/ros_ws/upm/turtlebot_ws/build/CMakeFiles/CMakeTmp

Run Build Command:"/usr/bin/make" "cmTC_93164/fast"
/usr/bin/make -f CMakeFiles/cmTC_93164.dir/build.make CMakeFiles/cmTC_93164.dir/build
make[1]: ディレクトリ '/home/tokunoshoshi/ros_ws/upm/turtlebot_ws/build/CMakeFiles/CMakeTmp' に入ります
Building C object CMakeFiles/cmTC_93164.dir/CheckSymbolExists.c.o
/usr/bin/cc     -o CMakeFiles/cmTC_93164.dir/CheckSymbolExists.c.o   -c /home/tokunoshoshi/ros_ws/upm/turtlebot_ws/build/CMakeFiles/CMakeTmp/CheckSymbolExists.c
Linking C executable cmTC_93164
/usr/bin/cmake -E cmake_link_script CMakeFiles/cmTC_93164.dir/link.txt --verbose=1
/usr/bin/cc       CMakeFiles/cmTC_93164.dir/CheckSymbolExists.c.o  -o cmTC_93164 -rdynamic 
CMakeFiles/cmTC_93164.dir/CheckSymbolExists.c.o: 関数 `main' 内:
CheckSymbolExists.c:(.text+0x16): `pthread_create' に対する定義されていない参照です
collect2: error: ld returned 1 exit status
CMakeFiles/cmTC_93164.dir/build.make:97: ターゲット 'cmTC_93164' のレシピで失敗しました
make[1]: *** [cmTC_93164] エラー 1
make[1]: ディレクトリ '/home/tokunoshoshi/ros_ws/upm/turtlebot_ws/build/CMakeFiles/CMakeTmp' から出ます
Makefile:126: ターゲット 'cmTC_93164/fast' のレシピで失敗しました
make: *** [cmTC_93164/fast] エラー 2

File /home/tokunoshoshi/ros_ws/upm/turtlebot_ws/build/CMakeFiles/CMakeTmp/CheckSymbolExists.c:
/* */
#include <pthread.h>

int main(int argc, char** argv)
{
  (void)argv;
#ifndef pthread_create
  return ((int*)(&pthread_create))[argc];
#else
  (void)argc;
  return 0;
#endif
}

Determining if the function pthread_create exists in the pthreads failed with the following output:
Change Dir: /home/tokunoshoshi/ros_ws/upm/turtlebot_ws/build/CMakeFiles/CMakeTmp

Run Build Command:"/usr/bin/make" "cmTC_cc919/fast"
/usr/bin/make -f CMakeFiles/cmTC_cc919.dir/build.make CMakeFiles/cmTC_cc919.dir/build
make[1]: ディレクトリ '/home/tokunoshoshi/ros_ws/upm/turtlebot_ws/build/CMakeFiles/CMakeTmp' に入ります
Building C object CMakeFiles/cmTC_cc919.dir/CheckFunctionExists.c.o
/usr/bin/cc    -DCHECK_FUNCTION_EXISTS=pthread_create   -o CMakeFiles/cmTC_cc919.dir/CheckFunctionExists.c.o   -c /usr/share/cmake-3.5/Modules/CheckFunctionExists.c
Linking C executable cmTC_cc919
/usr/bin/cmake -E cmake_link_script CMakeFiles/cmTC_cc919.dir/link.txt --verbose=1
/usr/bin/cc   -DCHECK_FUNCTION_EXISTS=pthread_create    CMakeFiles/cmTC_cc919.dir/CheckFunctionExists.c.o  -o cmTC_cc919 -rdynamic -lpthreads 
/usr/bin/ld: -lpthreads が見つかりません
collect2: error: ld returned 1 exit status
CMakeFiles/cmTC_cc919.dir/build.make:97: ターゲット 'cmTC_cc919' のレシピで失敗しました
make[1]: *** [cmTC_cc919] エラー 1
make[1]: ディレクトリ '/home/tokunoshoshi/ros_ws/upm/turtlebot_ws/build/CMakeFiles/CMakeTmp' から出ます
Makefile:126: ターゲット 'cmTC_cc919/fast' のレシピで失敗しました
make: *** [cmTC_cc919/fast] エラー 2


