Determining if the pthread_create exist failed with the following output:
Change Dir: /home/tokunoshoshi/ros_ws/lecture_ws/build/CMakeFiles/CMakeTmp

Run Build Command:"/usr/bin/make" "cmTC_43308/fast"
/usr/bin/make -f CMakeFiles/cmTC_43308.dir/build.make CMakeFiles/cmTC_43308.dir/build
make[1]: ディレクトリ '/home/tokunoshoshi/ros_ws/lecture_ws/build/CMakeFiles/CMakeTmp' に入ります
Building C object CMakeFiles/cmTC_43308.dir/CheckSymbolExists.c.o
/usr/bin/cc     -o CMakeFiles/cmTC_43308.dir/CheckSymbolExists.c.o   -c /home/tokunoshoshi/ros_ws/lecture_ws/build/CMakeFiles/CMakeTmp/CheckSymbolExists.c
Linking C executable cmTC_43308
/usr/bin/cmake -E cmake_link_script CMakeFiles/cmTC_43308.dir/link.txt --verbose=1
/usr/bin/cc       CMakeFiles/cmTC_43308.dir/CheckSymbolExists.c.o  -o cmTC_43308 -rdynamic 
CMakeFiles/cmTC_43308.dir/CheckSymbolExists.c.o: 関数 `main' 内:
CheckSymbolExists.c:(.text+0x16): `pthread_create' に対する定義されていない参照です
collect2: error: ld returned 1 exit status
CMakeFiles/cmTC_43308.dir/build.make:97: ターゲット 'cmTC_43308' のレシピで失敗しました
make[1]: *** [cmTC_43308] エラー 1
make[1]: ディレクトリ '/home/tokunoshoshi/ros_ws/lecture_ws/build/CMakeFiles/CMakeTmp' から出ます
Makefile:126: ターゲット 'cmTC_43308/fast' のレシピで失敗しました
make: *** [cmTC_43308/fast] エラー 2

File /home/tokunoshoshi/ros_ws/lecture_ws/build/CMakeFiles/CMakeTmp/CheckSymbolExists.c:
/* */
#include <pthread.h>

int main(int argc, char** argv)
{
  (void)argv;
#ifndef pthread_create
  return ((int*)(&pthread_create))[argc];
#else
  (void)argc;
  return 0;
#endif
}

Determining if the function pthread_create exists in the pthreads failed with the following output:
Change Dir: /home/tokunoshoshi/ros_ws/lecture_ws/build/CMakeFiles/CMakeTmp

Run Build Command:"/usr/bin/make" "cmTC_5168b/fast"
/usr/bin/make -f CMakeFiles/cmTC_5168b.dir/build.make CMakeFiles/cmTC_5168b.dir/build
make[1]: ディレクトリ '/home/tokunoshoshi/ros_ws/lecture_ws/build/CMakeFiles/CMakeTmp' に入ります
Building C object CMakeFiles/cmTC_5168b.dir/CheckFunctionExists.c.o
/usr/bin/cc    -DCHECK_FUNCTION_EXISTS=pthread_create   -o CMakeFiles/cmTC_5168b.dir/CheckFunctionExists.c.o   -c /usr/share/cmake-3.5/Modules/CheckFunctionExists.c
Linking C executable cmTC_5168b
/usr/bin/cmake -E cmake_link_script CMakeFiles/cmTC_5168b.dir/link.txt --verbose=1
/usr/bin/cc   -DCHECK_FUNCTION_EXISTS=pthread_create    CMakeFiles/cmTC_5168b.dir/CheckFunctionExists.c.o  -o cmTC_5168b -rdynamic -lpthreads 
/usr/bin/ld: -lpthreads が見つかりません
collect2: error: ld returned 1 exit status
CMakeFiles/cmTC_5168b.dir/build.make:97: ターゲット 'cmTC_5168b' のレシピで失敗しました
make[1]: *** [cmTC_5168b] エラー 1
make[1]: ディレクトリ '/home/tokunoshoshi/ros_ws/lecture_ws/build/CMakeFiles/CMakeTmp' から出ます
Makefile:126: ターゲット 'cmTC_5168b/fast' のレシピで失敗しました
make: *** [cmTC_5168b/fast] エラー 2


